<?xml version="1.0" encoding="UTF-8"?>
<!-- Generated by org.testng.reporters.JUnitXMLReporter -->
<testsuite ignored="3" hostname="DESKTOP-L2Q1E1B" failures="0" tests="1" name="Default test" time="43.439" errors="0" timestamp="27 Apr 2020 21:12:27 GMT">
  <testcase classname="pkg.AppTest" name="day4" time="14.871"/>
  <testcase classname="pkg.AppTest" name="day2" time="0.0">
    <ignored/>
  </testcase> <!-- day2 -->
  <testcase classname="pkg.AppTest" name="day3" time="0.0">
    <ignored/>
  </testcase> <!-- day3 -->
  <testcase classname="pkg.AppTest" name="day1" time="0.0">
    <ignored/>
  </testcase> <!-- day1 -->
</testsuite> <!-- Default test -->
