<?xml version="1.0" encoding="UTF-8"?>
<testng-results ignored="3" total="4" passed="1" failed="0" skipped="0">
  <reporter-output>
  </reporter-output>
  <suite started-at="2020-04-27T21:11:44Z" name="Default suite" finished-at="2020-04-27T21:12:27Z" duration-ms="43439">
    <groups>
    </groups>
    <test started-at="2020-04-27T21:11:44Z" name="Default test" finished-at="2020-04-27T21:12:27Z" duration-ms="43439">
      <class name="pkg.AppTest">
        <test-method is-config="true" signature="openBrowser()[pri:0, instance:pkg.AppTest@82de64a]" started-at="2020-04-27T21:11:44Z" name="openBrowser" finished-at="2020-04-27T21:12:03Z" duration-ms="19071" status="PASS">
          <reporter-output>
          </reporter-output>
        </test-method> <!-- openBrowser -->
        <test-method signature="day4()[pri:4, instance:pkg.AppTest@82de64a]" started-at="2020-04-27T21:12:03Z" name="day4" finished-at="2020-04-27T21:12:18Z" duration-ms="14871" status="PASS">
          <reporter-output>
          </reporter-output>
        </test-method> <!-- day4 -->
        <test-method is-config="true" signature="quit()[pri:0, instance:pkg.AppTest@82de64a]" started-at="2020-04-27T21:12:18Z" name="quit" finished-at="2020-04-27T21:12:27Z" duration-ms="9455" status="PASS">
          <reporter-output>
          </reporter-output>
        </test-method> <!-- quit -->
      </class> <!-- pkg.AppTest -->
    </test> <!-- Default test -->
  </suite> <!-- Default suite -->
</testng-results>
