<?xml version="1.0" encoding="UTF-8"?>
<testng-results ignored="0" total="1" passed="1" failed="0" skipped="0">
  <reporter-output>
  </reporter-output>
  <suite started-at="2020-04-23T21:15:43Z" name="Default suite" finished-at="2020-04-23T21:16:08Z" duration-ms="25150">
    <groups>
    </groups>
    <test started-at="2020-04-23T21:15:43Z" name="Default test" finished-at="2020-04-23T21:16:08Z" duration-ms="25150">
      <class name="pkg.AppTest">
        <test-method is-config="true" signature="openBrowser()[pri:0, instance:pkg.AppTest@6253c26]" started-at="2020-04-23T21:15:43Z" name="openBrowser" finished-at="2020-04-23T21:15:58Z" duration-ms="14289" status="PASS">
          <reporter-output>
          </reporter-output>
        </test-method> <!-- openBrowser -->
        <test-method signature="day1()[pri:0, instance:pkg.AppTest@6253c26]" started-at="2020-04-23T21:15:58Z" name="day1" finished-at="2020-04-23T21:16:08Z" duration-ms="10825" status="PASS">
          <reporter-output>
          </reporter-output>
        </test-method> <!-- day1 -->
        <test-method is-config="true" signature="quit()[pri:0, instance:pkg.AppTest@6253c26]" started-at="2020-04-23T21:16:08Z" name="quit" finished-at="2020-04-23T21:16:08Z" duration-ms="1" status="PASS">
          <reporter-output>
          </reporter-output>
        </test-method> <!-- quit -->
      </class> <!-- pkg.AppTest -->
    </test> <!-- Default test -->
  </suite> <!-- Default suite -->
</testng-results>
